10:42:30 PM: INFO [conexion.py:28] Conexion Existosa: <connection object at 0x00000188145C1140; dsn: 'user=postgres password=xxx dbname=test_db host=127.0.0.1 port=5432', closed: 0>
10:42:30 PM: INFO [conexion.py:43] Se ha abierto correctamente el cursor: <cursor object at 0x0000018814519380; closed: 0>
10:42:30 PM: INFO [persona_dao.py:30] Id: 1, Nombre: Diogo, Apellido: Vieira, Email: dvieira@gmail.com

10:42:30 PM: INFO [persona_dao.py:30] Id: 2, Nombre: Juan, Apellido: Perez, Email: jperez@gmail.com

10:42:30 PM: INFO [persona_dao.py:30] Id: 8, Nombre: Saioa, Apellido: Aldasoro, Email: saldasoro@gmail.com

10:42:30 PM: INFO [persona_dao.py:30] Id: 10, Nombre: Juan Carlos, Apellido: Juarez, Email: jcjuarez@gmail.com

10:42:30 PM: INFO [persona_dao.py:30] Id: 15, Nombre: Maria, Apellido: Esparza, Email: mesparza@gmail.com

10:42:30 PM: INFO [persona_dao.py:30] Id: 19, Nombre: Carlos, Apellido: Lara, Email: clara@gmail.com

10:42:30 PM: INFO [persona_dao.py:30] Id: 20, Nombre: Alex, Apellido: Rojas, Email: arojas@gmail.com

10:59:10 PM: INFO [conexion.py:28] Conexion Existosa: <connection object at 0x0000022851A71360; dsn: 'user=postgres password=xxx dbname=test_db host=127.0.0.1 port=5432', closed: 0>
10:59:10 PM: INFO [conexion.py:43] Se ha abierto correctamente el cursor: <cursor object at 0x00000228519D1540; closed: 0>
10:59:10 PM: INFO [persona_dao.py:34] Persona insertada: Id: None, Nombre: Pedro, Apellido: Najera, Email: pnajera@gmail.com

10:59:10 PM: DEBUG [persona_dao.py:41] Personas insertadas: Se han actualizado 1 lineas
10:59:57 PM: INFO [conexion.py:28] Conexion Existosa: <connection object at 0x000002B3B7161360; dsn: 'user=postgres password=xxx dbname=test_db host=127.0.0.1 port=5432', closed: 0>
10:59:57 PM: INFO [conexion.py:43] Se ha abierto correctamente el cursor: <cursor object at 0x000002B3B70C1540; closed: 0>
10:59:57 PM: INFO [persona_dao.py:34] Persona insertada: Id: None, Nombre: Pedro, Apellido: Najera, Email: pnajera@gmail.com

10:59:57 PM: DEBUG [persona_dao.py:41] Personas insertadas: Se han actualizado 1 lineas
11:01:16 PM: INFO [conexion.py:28] Conexion Existosa: <connection object at 0x000001CD7CC01360; dsn: 'user=postgres password=xxx dbname=test_db host=127.0.0.1 port=5432', closed: 0>
11:01:16 PM: INFO [conexion.py:43] Se ha abierto correctamente el cursor: <cursor object at 0x000001CD7CB61540; closed: 0>
11:01:16 PM: INFO [persona_dao.py:34] Persona insertada: Id: None, Nombre: Pedro, Apellido: Najera, Email: pnajera@gmail.com

11:01:16 PM: DEBUG [persona_dao.py:42] Personas insertadas: 1
11:01:26 PM: INFO [conexion.py:28] Conexion Existosa: <connection object at 0x0000022226C61360; dsn: 'user=postgres password=xxx dbname=test_db host=127.0.0.1 port=5432', closed: 0>
11:01:26 PM: INFO [conexion.py:43] Se ha abierto correctamente el cursor: <cursor object at 0x0000022226BC1540; closed: 0>
11:01:26 PM: INFO [persona_dao.py:34] Persona insertada: Id: None, Nombre: Pedro, Apellido: Najera, Email: pnajera@gmail.com

11:01:26 PM: DEBUG [persona_dao.py:42] Personas insertadas: 1
11:02:22 PM: INFO [conexion.py:28] Conexion Existosa: <connection object at 0x00000159159C1360; dsn: 'user=postgres password=xxx dbname=test_db host=127.0.0.1 port=5432', closed: 0>
11:02:22 PM: INFO [persona_dao.py:34] Persona insertada: Id: None, Nombre: Pedro, Apellido: Najera, Email: pnajera@gmail.com

11:02:22 PM: DEBUG [persona_dao.py:42] Personas insertadas: 1
11:02:22 PM: INFO [conexion.py:43] Se ha abierto correctamente el cursor: <cursor object at 0x0000015915921540; closed: 0>
11:02:22 PM: INFO [persona_dao.py:47] Id: 1, Nombre: Diogo, Apellido: Vieira, Email: dvieira@gmail.com

11:02:22 PM: INFO [persona_dao.py:47] Id: 2, Nombre: Juan, Apellido: Perez, Email: jperez@gmail.com

11:02:22 PM: INFO [persona_dao.py:47] Id: 8, Nombre: Saioa, Apellido: Aldasoro, Email: saldasoro@gmail.com

11:02:22 PM: INFO [persona_dao.py:47] Id: 10, Nombre: Juan Carlos, Apellido: Juarez, Email: jcjuarez@gmail.com

11:02:22 PM: INFO [persona_dao.py:47] Id: 15, Nombre: Maria, Apellido: Esparza, Email: mesparza@gmail.com

11:02:22 PM: INFO [persona_dao.py:47] Id: 19, Nombre: Carlos, Apellido: Lara, Email: clara@gmail.com

11:02:22 PM: INFO [persona_dao.py:47] Id: 20, Nombre: Alex, Apellido: Rojas, Email: arojas@gmail.com

11:02:22 PM: INFO [persona_dao.py:47] Id: 21, Nombre: Pedro, Apellido: Najera, Email: pnajera@gmail.com

11:02:22 PM: INFO [persona_dao.py:47] Id: 22, Nombre: Pedro, Apellido: Najera, Email: pnajera@gmail.com

11:02:22 PM: INFO [persona_dao.py:47] Id: 23, Nombre: Pedro, Apellido: Najera, Email: pnajera@gmail.com

11:02:22 PM: INFO [persona_dao.py:47] Id: 24, Nombre: Pedro, Apellido: Najera, Email: pnajera@gmail.com

11:02:22 PM: INFO [persona_dao.py:47] Id: 25, Nombre: Pedro, Apellido: Najera, Email: pnajera@gmail.com

11:12:22 PM: INFO [conexion.py:28] Conexion Existosa: <connection object at 0x0000019B23DB1360; dsn: 'user=postgres password=xxx dbname=test_db host=127.0.0.1 port=5432', closed: 0>
11:12:22 PM: INFO [persona_dao.py:34] Persona insertada: Id: None, Nombre: Pedro, Apellido: Najera, Email: pnajera@gmail.com

11:12:22 PM: DEBUG [persona_dao.py:42] Personas insertadas: 1
11:18:45 PM: INFO [conexion.py:28] Conexion Existosa: <connection object at 0x000002022BBC1250; dsn: 'user=postgres password=xxx dbname=test_db host=127.0.0.1 port=5432', closed: 0>
11:19:15 PM: INFO [conexion.py:28] Conexion Existosa: <connection object at 0x0000025A7F9A1250; dsn: 'user=postgres password=xxx dbname=test_db host=127.0.0.1 port=5432', closed: 0>
11:19:46 PM: INFO [conexion.py:28] Conexion Existosa: <connection object at 0x00000269866F1250; dsn: 'user=postgres password=xxx dbname=test_db host=127.0.0.1 port=5432', closed: 0>
11:19:46 PM: INFO [persona_dao.py:43] Persona insertada: Id: 21, Nombre: Saioa, Apellido: Aldasoro, Email: saldasoro@gmail.com

11:19:46 PM: INFO [persona_dao.py:51] Persona actualizada: 1
11:23:19 PM: INFO [conexion.py:28] Conexion Existosa: <connection object at 0x00000254127F5250; dsn: 'user=postgres password=xxx dbname=test_db host=127.0.0.1 port=5432', closed: 0>
11:23:19 PM: INFO [persona_dao.py:58] Persona eliminada: 1
